<html>
<head>
<title>TestNG:  allTests</title>
<link href="../testng.css" rel="stylesheet" type="text/css" />
<link href="../my-testng.css" rel="stylesheet" type="text/css" />

<style type="text/css">
.log { display: none;} 
.stack-trace { display: none;} 
</style>
<script type="text/javascript">
<!--
function flip(e) {
  current = e.style.display;
  if (current == 'block') {
    e.style.display = 'none';
    return 0;
  }
  else {
    e.style.display = 'block';
    return 1;
  }
}

function toggleBox(szDivId, elem, msg1, msg2)
{
  var res = -1;  if (document.getElementById) {
    res = flip(document.getElementById(szDivId));
  }
  else if (document.all) {
    // this is the way old msie versions work
    res = flip(document.all[szDivId]);
  }
  if(elem) {
    if(res == 0) elem.innerHTML = msg1; else elem.innerHTML = msg2;
  }

}

function toggleAllBoxes() {
  if (document.getElementsByTagName) {
    d = document.getElementsByTagName('div');
    for (i = 0; i < d.length; i++) {
      if (d[i].className == 'log') {
        flip(d[i]);
      }
    }
  }
}

// -->
</script>

</head>
<body>
<h2 align='center'>allTests</h2><table border='1' align="center">
<tr>
<td>Tests passed/Failed/Skipped:</td><td>16/12/0</td>
</tr><tr>
<td>Started on:</td><td>Tue Jun 05 22:17:00 PDT 2018</td>
</tr>
<tr><td>Total time:</td><td>189 seconds (189699 ms)</td>
</tr><tr>
<td>Included groups:</td><td></td>
</tr><tr>
<td>Excluded groups:</td><td></td>
</tr>
</table><p/>
<small><i>(Hover the method name to see the test class name)</i></small><p/>
<table width='100%' border='1' class='invocation-failed'>
<tr><td colspan='4' align='center'><b>FAILED TESTS</b></td></tr>
<tr><td><b>Test method</b></td>
<td width="30%"><b>Exception</b></td>
<td width="10%"><b>Time (seconds)</b></td>
<td><b>Instance</b></td>
</tr>
<tr>
<td title='calculatorTests.ShortTerm.runTestCase()'><b>runTestCase</b><br>Test class: calculatorTests.ShortTerm<br>Parameters: datareader.ParkingData@2b41b8bb</td>
<td><div><pre>java.lang.AssertionError: expected [Error! Wrong Time format is used] but found [$ 112.00]
	at calculatorTests.ShortTerm.runTestCase(ShortTerm.java:57)
... Removed 31 stack frames</pre></div><a href='#' onClick='toggleBox("stack-trace789654238", this, "Click to show all stack frames", "Click to hide stack frames")'>Click to show all stack frames</a>
<div class='stack-trace' id='stack-trace789654238'><pre>java.lang.AssertionError: expected [Error! Wrong Time format is used] but found [$ 112.00]
	at org.testng.Assert.fail(Assert.java:94)
	at org.testng.Assert.failNotEquals(Assert.java:513)
	at org.testng.Assert.assertEqualsImpl(Assert.java:135)
	at org.testng.Assert.assertEquals(Assert.java:116)
	at org.testng.Assert.assertEquals(Assert.java:190)
	at org.testng.Assert.assertEquals(Assert.java:200)
	at calculatorTests.ShortTerm.runTestCase(ShortTerm.java:57)
	at sun.reflect.NativeMethodAccessorImpl.invoke0(Native Method)
	at sun.reflect.NativeMethodAccessorImpl.invoke(Unknown Source)
	at sun.reflect.DelegatingMethodAccessorImpl.invoke(Unknown Source)
	at java.lang.reflect.Method.invoke(Unknown Source)
	at org.testng.internal.MethodInvocationHelper.invokeMethod(MethodInvocationHelper.java:104)
	at org.testng.internal.Invoker.invokeMethod(Invoker.java:645)
	at org.testng.internal.Invoker.invokeTestMethod(Invoker.java:851)
	at org.testng.internal.Invoker.invokeTestMethods(Invoker.java:1177)
	at org.testng.internal.TestMethodWorker.invokeTestMethods(TestMethodWorker.java:129)
	at org.testng.internal.TestMethodWorker.run(TestMethodWorker.java:112)
	at org.testng.TestRunner.privateRun(TestRunner.java:756)
	at org.testng.TestRunner.run(TestRunner.java:610)
	at org.testng.SuiteRunner.runTest(SuiteRunner.java:387)
	at org.testng.SuiteRunner.runSequentially(SuiteRunner.java:382)
	at org.testng.SuiteRunner.privateRun(SuiteRunner.java:340)
	at org.testng.SuiteRunner.run(SuiteRunner.java:289)
	at org.testng.SuiteRunnerWorker.runSuite(SuiteRunnerWorker.java:52)
	at org.testng.SuiteRunnerWorker.run(SuiteRunnerWorker.java:86)
	at org.testng.TestNG.runSuitesSequentially(TestNG.java:1293)
	at org.testng.TestNG.runSuitesLocally(TestNG.java:1218)
	at org.testng.TestNG.runSuites(TestNG.java:1133)
	at org.testng.TestNG.run(TestNG.java:1104)
	at org.testng.remote.AbstractRemoteTestNG.run(AbstractRemoteTestNG.java:114)
	at org.testng.remote.RemoteTestNG.initAndRun(RemoteTestNG.java:251)
	at org.testng.remote.RemoteTestNG.main(RemoteTestNG.java:77)
</pre></div></td>
<td>1</td>
<td>calculatorTests.ShortTerm@4cc0edeb</td></tr>
<tr>
<td title='calculatorTests.ShortTerm.runTestCase()'><b>runTestCase</b><br>Test class: calculatorTests.ShortTerm<br>Parameters: datareader.ParkingData@20a9fb01</td>
<td><div><pre>java.lang.AssertionError: expected [ERROR! YOUR EXIT DATE OR TIME IS BEFORE YOUR ENTRY DATE OR TIME] but found [$ 0.00]
	at calculatorTests.ShortTerm.runTestCase(ShortTerm.java:57)
... Removed 31 stack frames</pre></div><a href='#' onClick='toggleBox("stack-trace1301402330", this, "Click to show all stack frames", "Click to hide stack frames")'>Click to show all stack frames</a>
<div class='stack-trace' id='stack-trace1301402330'><pre>java.lang.AssertionError: expected [ERROR! YOUR EXIT DATE OR TIME IS BEFORE YOUR ENTRY DATE OR TIME] but found [$ 0.00]
	at org.testng.Assert.fail(Assert.java:94)
	at org.testng.Assert.failNotEquals(Assert.java:513)
	at org.testng.Assert.assertEqualsImpl(Assert.java:135)
	at org.testng.Assert.assertEquals(Assert.java:116)
	at org.testng.Assert.assertEquals(Assert.java:190)
	at org.testng.Assert.assertEquals(Assert.java:200)
	at calculatorTests.ShortTerm.runTestCase(ShortTerm.java:57)
	at sun.reflect.NativeMethodAccessorImpl.invoke0(Native Method)
	at sun.reflect.NativeMethodAccessorImpl.invoke(Unknown Source)
	at sun.reflect.DelegatingMethodAccessorImpl.invoke(Unknown Source)
	at java.lang.reflect.Method.invoke(Unknown Source)
	at org.testng.internal.MethodInvocationHelper.invokeMethod(MethodInvocationHelper.java:104)
	at org.testng.internal.Invoker.invokeMethod(Invoker.java:645)
	at org.testng.internal.Invoker.invokeTestMethod(Invoker.java:851)
	at org.testng.internal.Invoker.invokeTestMethods(Invoker.java:1177)
	at org.testng.internal.TestMethodWorker.invokeTestMethods(TestMethodWorker.java:129)
	at org.testng.internal.TestMethodWorker.run(TestMethodWorker.java:112)
	at org.testng.TestRunner.privateRun(TestRunner.java:756)
	at org.testng.TestRunner.run(TestRunner.java:610)
	at org.testng.SuiteRunner.runTest(SuiteRunner.java:387)
	at org.testng.SuiteRunner.runSequentially(SuiteRunner.java:382)
	at org.testng.SuiteRunner.privateRun(SuiteRunner.java:340)
	at org.testng.SuiteRunner.run(SuiteRunner.java:289)
	at org.testng.SuiteRunnerWorker.runSuite(SuiteRunnerWorker.java:52)
	at org.testng.SuiteRunnerWorker.run(SuiteRunnerWorker.java:86)
	at org.testng.TestNG.runSuitesSequentially(TestNG.java:1293)
	at org.testng.TestNG.runSuitesLocally(TestNG.java:1218)
	at org.testng.TestNG.runSuites(TestNG.java:1133)
	at org.testng.TestNG.run(TestNG.java:1104)
	at org.testng.remote.AbstractRemoteTestNG.run(AbstractRemoteTestNG.java:114)
	at org.testng.remote.RemoteTestNG.initAndRun(RemoteTestNG.java:251)
	at org.testng.remote.RemoteTestNG.main(RemoteTestNG.java:77)
</pre></div></td>
<td>1</td>
<td>calculatorTests.ShortTerm@4cc0edeb</td></tr>
<tr>
<td title='calculatorTests.ShortTerm.runTestCase()'><b>runTestCase</b><br>Test class: calculatorTests.ShortTerm<br>Parameters: datareader.ParkingData@327ac23</td>
<td><div><pre>java.lang.AssertionError: expected [ERROR! Invalid Date] but found [$ 174,974.00]
	at calculatorTests.ShortTerm.runTestCase(ShortTerm.java:57)
... Removed 31 stack frames</pre></div><a href='#' onClick='toggleBox("stack-trace2038290415", this, "Click to show all stack frames", "Click to hide stack frames")'>Click to show all stack frames</a>
<div class='stack-trace' id='stack-trace2038290415'><pre>java.lang.AssertionError: expected [ERROR! Invalid Date] but found [$ 174,974.00]
	at org.testng.Assert.fail(Assert.java:94)
	at org.testng.Assert.failNotEquals(Assert.java:513)
	at org.testng.Assert.assertEqualsImpl(Assert.java:135)
	at org.testng.Assert.assertEquals(Assert.java:116)
	at org.testng.Assert.assertEquals(Assert.java:190)
	at org.testng.Assert.assertEquals(Assert.java:200)
	at calculatorTests.ShortTerm.runTestCase(ShortTerm.java:57)
	at sun.reflect.NativeMethodAccessorImpl.invoke0(Native Method)
	at sun.reflect.NativeMethodAccessorImpl.invoke(Unknown Source)
	at sun.reflect.DelegatingMethodAccessorImpl.invoke(Unknown Source)
	at java.lang.reflect.Method.invoke(Unknown Source)
	at org.testng.internal.MethodInvocationHelper.invokeMethod(MethodInvocationHelper.java:104)
	at org.testng.internal.Invoker.invokeMethod(Invoker.java:645)
	at org.testng.internal.Invoker.invokeTestMethod(Invoker.java:851)
	at org.testng.internal.Invoker.invokeTestMethods(Invoker.java:1177)
	at org.testng.internal.TestMethodWorker.invokeTestMethods(TestMethodWorker.java:129)
	at org.testng.internal.TestMethodWorker.run(TestMethodWorker.java:112)
	at org.testng.TestRunner.privateRun(TestRunner.java:756)
	at org.testng.TestRunner.run(TestRunner.java:610)
	at org.testng.SuiteRunner.runTest(SuiteRunner.java:387)
	at org.testng.SuiteRunner.runSequentially(SuiteRunner.java:382)
	at org.testng.SuiteRunner.privateRun(SuiteRunner.java:340)
	at org.testng.SuiteRunner.run(SuiteRunner.java:289)
	at org.testng.SuiteRunnerWorker.runSuite(SuiteRunnerWorker.java:52)
	at org.testng.SuiteRunnerWorker.run(SuiteRunnerWorker.java:86)
	at org.testng.TestNG.runSuitesSequentially(TestNG.java:1293)
	at org.testng.TestNG.runSuitesLocally(TestNG.java:1218)
	at org.testng.TestNG.runSuites(TestNG.java:1133)
	at org.testng.TestNG.run(TestNG.java:1104)
	at org.testng.remote.AbstractRemoteTestNG.run(AbstractRemoteTestNG.java:114)
	at org.testng.remote.RemoteTestNG.initAndRun(RemoteTestNG.java:251)
	at org.testng.remote.RemoteTestNG.main(RemoteTestNG.java:77)
</pre></div></td>
<td>1</td>
<td>calculatorTests.ShortTerm@4cc0edeb</td></tr>
<tr>
<td title='calculatorTests.ShortTerm.runTestCase()'><b>runTestCase</b><br>Test class: calculatorTests.ShortTerm<br>Parameters: datareader.ParkingData@6da14f7f</td>
<td><div><pre>java.lang.AssertionError: expected [Error! Invalid Date] but found [$ 78.00]
	at calculatorTests.ShortTerm.runTestCase(ShortTerm.java:57)
... Removed 31 stack frames</pre></div><a href='#' onClick='toggleBox("stack-trace2032864429", this, "Click to show all stack frames", "Click to hide stack frames")'>Click to show all stack frames</a>
<div class='stack-trace' id='stack-trace2032864429'><pre>java.lang.AssertionError: expected [Error! Invalid Date] but found [$ 78.00]
	at org.testng.Assert.fail(Assert.java:94)
	at org.testng.Assert.failNotEquals(Assert.java:513)
	at org.testng.Assert.assertEqualsImpl(Assert.java:135)
	at org.testng.Assert.assertEquals(Assert.java:116)
	at org.testng.Assert.assertEquals(Assert.java:190)
	at org.testng.Assert.assertEquals(Assert.java:200)
	at calculatorTests.ShortTerm.runTestCase(ShortTerm.java:57)
	at sun.reflect.NativeMethodAccessorImpl.invoke0(Native Method)
	at sun.reflect.NativeMethodAccessorImpl.invoke(Unknown Source)
	at sun.reflect.DelegatingMethodAccessorImpl.invoke(Unknown Source)
	at java.lang.reflect.Method.invoke(Unknown Source)
	at org.testng.internal.MethodInvocationHelper.invokeMethod(MethodInvocationHelper.java:104)
	at org.testng.internal.Invoker.invokeMethod(Invoker.java:645)
	at org.testng.internal.Invoker.invokeTestMethod(Invoker.java:851)
	at org.testng.internal.Invoker.invokeTestMethods(Invoker.java:1177)
	at org.testng.internal.TestMethodWorker.invokeTestMethods(TestMethodWorker.java:129)
	at org.testng.internal.TestMethodWorker.run(TestMethodWorker.java:112)
	at org.testng.TestRunner.privateRun(TestRunner.java:756)
	at org.testng.TestRunner.run(TestRunner.java:610)
	at org.testng.SuiteRunner.runTest(SuiteRunner.java:387)
	at org.testng.SuiteRunner.runSequentially(SuiteRunner.java:382)
	at org.testng.SuiteRunner.privateRun(SuiteRunner.java:340)
	at org.testng.SuiteRunner.run(SuiteRunner.java:289)
	at org.testng.SuiteRunnerWorker.runSuite(SuiteRunnerWorker.java:52)
	at org.testng.SuiteRunnerWorker.run(SuiteRunnerWorker.java:86)
	at org.testng.TestNG.runSuitesSequentially(TestNG.java:1293)
	at org.testng.TestNG.runSuitesLocally(TestNG.java:1218)
	at org.testng.TestNG.runSuites(TestNG.java:1133)
	at org.testng.TestNG.run(TestNG.java:1104)
	at org.testng.remote.AbstractRemoteTestNG.run(AbstractRemoteTestNG.java:114)
	at org.testng.remote.RemoteTestNG.initAndRun(RemoteTestNG.java:251)
	at org.testng.remote.RemoteTestNG.main(RemoteTestNG.java:77)
</pre></div></td>
<td>1</td>
<td>calculatorTests.ShortTerm@4cc0edeb</td></tr>
<tr>
<td title='calculatorTests.ShortTerm.runTestCase()'><b>runTestCase</b><br>Test class: calculatorTests.ShortTerm<br>Parameters: datareader.ParkingData@7ba5d307</td>
<td><div><pre>java.lang.AssertionError: expected [Error! Invalid Date] but found [$ 808.00]
	at calculatorTests.ShortTerm.runTestCase(ShortTerm.java:57)
... Removed 31 stack frames</pre></div><a href='#' onClick='toggleBox("stack-trace1909766203", this, "Click to show all stack frames", "Click to hide stack frames")'>Click to show all stack frames</a>
<div class='stack-trace' id='stack-trace1909766203'><pre>java.lang.AssertionError: expected [Error! Invalid Date] but found [$ 808.00]
	at org.testng.Assert.fail(Assert.java:94)
	at org.testng.Assert.failNotEquals(Assert.java:513)
	at org.testng.Assert.assertEqualsImpl(Assert.java:135)
	at org.testng.Assert.assertEquals(Assert.java:116)
	at org.testng.Assert.assertEquals(Assert.java:190)
	at org.testng.Assert.assertEquals(Assert.java:200)
	at calculatorTests.ShortTerm.runTestCase(ShortTerm.java:57)
	at sun.reflect.NativeMethodAccessorImpl.invoke0(Native Method)
	at sun.reflect.NativeMethodAccessorImpl.invoke(Unknown Source)
	at sun.reflect.DelegatingMethodAccessorImpl.invoke(Unknown Source)
	at java.lang.reflect.Method.invoke(Unknown Source)
	at org.testng.internal.MethodInvocationHelper.invokeMethod(MethodInvocationHelper.java:104)
	at org.testng.internal.Invoker.invokeMethod(Invoker.java:645)
	at org.testng.internal.Invoker.invokeTestMethod(Invoker.java:851)
	at org.testng.internal.Invoker.invokeTestMethods(Invoker.java:1177)
	at org.testng.internal.TestMethodWorker.invokeTestMethods(TestMethodWorker.java:129)
	at org.testng.internal.TestMethodWorker.run(TestMethodWorker.java:112)
	at org.testng.TestRunner.privateRun(TestRunner.java:756)
	at org.testng.TestRunner.run(TestRunner.java:610)
	at org.testng.SuiteRunner.runTest(SuiteRunner.java:387)
	at org.testng.SuiteRunner.runSequentially(SuiteRunner.java:382)
	at org.testng.SuiteRunner.privateRun(SuiteRunner.java:340)
	at org.testng.SuiteRunner.run(SuiteRunner.java:289)
	at org.testng.SuiteRunnerWorker.runSuite(SuiteRunnerWorker.java:52)
	at org.testng.SuiteRunnerWorker.run(SuiteRunnerWorker.java:86)
	at org.testng.TestNG.runSuitesSequentially(TestNG.java:1293)
	at org.testng.TestNG.runSuitesLocally(TestNG.java:1218)
	at org.testng.TestNG.runSuites(TestNG.java:1133)
	at org.testng.TestNG.run(TestNG.java:1104)
	at org.testng.remote.AbstractRemoteTestNG.run(AbstractRemoteTestNG.java:114)
	at org.testng.remote.RemoteTestNG.initAndRun(RemoteTestNG.java:251)
	at org.testng.remote.RemoteTestNG.main(RemoteTestNG.java:77)
</pre></div></td>
<td>1</td>
<td>calculatorTests.ShortTerm@4cc0edeb</td></tr>
<tr>
<td title='calculatorTests.ShortTerm.runTestCase()'><b>runTestCase</b><br>Test class: calculatorTests.ShortTerm<br>Parameters: datareader.ParkingData@3bd69bf6</td>
<td><div><pre>java.lang.AssertionError: expected [Error! Invalid Time] but found [$ 28.00]
	at calculatorTests.ShortTerm.runTestCase(ShortTerm.java:57)
... Removed 31 stack frames</pre></div><a href='#' onClick='toggleBox("stack-trace1582126502", this, "Click to show all stack frames", "Click to hide stack frames")'>Click to show all stack frames</a>
<div class='stack-trace' id='stack-trace1582126502'><pre>java.lang.AssertionError: expected [Error! Invalid Time] but found [$ 28.00]
	at org.testng.Assert.fail(Assert.java:94)
	at org.testng.Assert.failNotEquals(Assert.java:513)
	at org.testng.Assert.assertEqualsImpl(Assert.java:135)
	at org.testng.Assert.assertEquals(Assert.java:116)
	at org.testng.Assert.assertEquals(Assert.java:190)
	at org.testng.Assert.assertEquals(Assert.java:200)
	at calculatorTests.ShortTerm.runTestCase(ShortTerm.java:57)
	at sun.reflect.NativeMethodAccessorImpl.invoke0(Native Method)
	at sun.reflect.NativeMethodAccessorImpl.invoke(Unknown Source)
	at sun.reflect.DelegatingMethodAccessorImpl.invoke(Unknown Source)
	at java.lang.reflect.Method.invoke(Unknown Source)
	at org.testng.internal.MethodInvocationHelper.invokeMethod(MethodInvocationHelper.java:104)
	at org.testng.internal.Invoker.invokeMethod(Invoker.java:645)
	at org.testng.internal.Invoker.invokeTestMethod(Invoker.java:851)
	at org.testng.internal.Invoker.invokeTestMethods(Invoker.java:1177)
	at org.testng.internal.TestMethodWorker.invokeTestMethods(TestMethodWorker.java:129)
	at org.testng.internal.TestMethodWorker.run(TestMethodWorker.java:112)
	at org.testng.TestRunner.privateRun(TestRunner.java:756)
	at org.testng.TestRunner.run(TestRunner.java:610)
	at org.testng.SuiteRunner.runTest(SuiteRunner.java:387)
	at org.testng.SuiteRunner.runSequentially(SuiteRunner.java:382)
	at org.testng.SuiteRunner.privateRun(SuiteRunner.java:340)
	at org.testng.SuiteRunner.run(SuiteRunner.java:289)
	at org.testng.SuiteRunnerWorker.runSuite(SuiteRunnerWorker.java:52)
	at org.testng.SuiteRunnerWorker.run(SuiteRunnerWorker.java:86)
	at org.testng.TestNG.runSuitesSequentially(TestNG.java:1293)
	at org.testng.TestNG.runSuitesLocally(TestNG.java:1218)
	at org.testng.TestNG.runSuites(TestNG.java:1133)
	at org.testng.TestNG.run(TestNG.java:1104)
	at org.testng.remote.AbstractRemoteTestNG.run(AbstractRemoteTestNG.java:114)
	at org.testng.remote.RemoteTestNG.initAndRun(RemoteTestNG.java:251)
	at org.testng.remote.RemoteTestNG.main(RemoteTestNG.java:77)
</pre></div></td>
<td>1</td>
<td>calculatorTests.ShortTerm@4cc0edeb</td></tr>
<tr>
<td title='calculatorTests.ShortTerm.runTestCase()'><b>runTestCase</b><br>Test class: calculatorTests.ShortTerm<br>Parameters: datareader.ParkingData@164b28c4</td>
<td><div><pre>java.lang.AssertionError: expected [Error! Wrong Time format is used] but found [$ 132.00]
	at calculatorTests.ShortTerm.runTestCase(ShortTerm.java:57)
... Removed 30 stack frames</pre></div><a href='#' onClick='toggleBox("stack-trace993979230", this, "Click to show all stack frames", "Click to hide stack frames")'>Click to show all stack frames</a>
<div class='stack-trace' id='stack-trace993979230'><pre>java.lang.AssertionError: expected [Error! Wrong Time format is used] but found [$ 132.00]
	at org.testng.Assert.fail(Assert.java:94)
	at org.testng.Assert.failNotEquals(Assert.java:513)
	at org.testng.Assert.assertEqualsImpl(Assert.java:135)
	at org.testng.Assert.assertEquals(Assert.java:116)
	at org.testng.Assert.assertEquals(Assert.java:190)
	at org.testng.Assert.assertEquals(Assert.java:200)
	at calculatorTests.ShortTerm.runTestCase(ShortTerm.java:57)
	at sun.reflect.GeneratedMethodAccessor7.invoke(Unknown Source)
	at sun.reflect.DelegatingMethodAccessorImpl.invoke(Unknown Source)
	at java.lang.reflect.Method.invoke(Unknown Source)
	at org.testng.internal.MethodInvocationHelper.invokeMethod(MethodInvocationHelper.java:104)
	at org.testng.internal.Invoker.invokeMethod(Invoker.java:645)
	at org.testng.internal.Invoker.invokeTestMethod(Invoker.java:851)
	at org.testng.internal.Invoker.invokeTestMethods(Invoker.java:1177)
	at org.testng.internal.TestMethodWorker.invokeTestMethods(TestMethodWorker.java:129)
	at org.testng.internal.TestMethodWorker.run(TestMethodWorker.java:112)
	at org.testng.TestRunner.privateRun(TestRunner.java:756)
	at org.testng.TestRunner.run(TestRunner.java:610)
	at org.testng.SuiteRunner.runTest(SuiteRunner.java:387)
	at org.testng.SuiteRunner.runSequentially(SuiteRunner.java:382)
	at org.testng.SuiteRunner.privateRun(SuiteRunner.java:340)
	at org.testng.SuiteRunner.run(SuiteRunner.java:289)
	at org.testng.SuiteRunnerWorker.runSuite(SuiteRunnerWorker.java:52)
	at org.testng.SuiteRunnerWorker.run(SuiteRunnerWorker.java:86)
	at org.testng.TestNG.runSuitesSequentially(TestNG.java:1293)
	at org.testng.TestNG.runSuitesLocally(TestNG.java:1218)
	at org.testng.TestNG.runSuites(TestNG.java:1133)
	at org.testng.TestNG.run(TestNG.java:1104)
	at org.testng.remote.AbstractRemoteTestNG.run(AbstractRemoteTestNG.java:114)
	at org.testng.remote.RemoteTestNG.initAndRun(RemoteTestNG.java:251)
	at org.testng.remote.RemoteTestNG.main(RemoteTestNG.java:77)
</pre></div></td>
<td>1</td>
<td>calculatorTests.ShortTerm@4cc0edeb</td></tr>
<tr>
<td title='calculatorTests.ShortTerm.runTestCase()'><b>runTestCase</b><br>Test class: calculatorTests.ShortTerm<br>Parameters: datareader.ParkingData@a809e74</td>
<td><div><pre>java.lang.AssertionError: expected [ERROR! YOUR EXIT DATE OR TIME IS BEFORE YOUR ENTRY DATE OR TIME] but found [$ 0.00]
	at calculatorTests.ShortTerm.runTestCase(ShortTerm.java:57)
... Removed 30 stack frames</pre></div><a href='#' onClick='toggleBox("stack-trace1226255875", this, "Click to show all stack frames", "Click to hide stack frames")'>Click to show all stack frames</a>
<div class='stack-trace' id='stack-trace1226255875'><pre>java.lang.AssertionError: expected [ERROR! YOUR EXIT DATE OR TIME IS BEFORE YOUR ENTRY DATE OR TIME] but found [$ 0.00]
	at org.testng.Assert.fail(Assert.java:94)
	at org.testng.Assert.failNotEquals(Assert.java:513)
	at org.testng.Assert.assertEqualsImpl(Assert.java:135)
	at org.testng.Assert.assertEquals(Assert.java:116)
	at org.testng.Assert.assertEquals(Assert.java:190)
	at org.testng.Assert.assertEquals(Assert.java:200)
	at calculatorTests.ShortTerm.runTestCase(ShortTerm.java:57)
	at sun.reflect.GeneratedMethodAccessor7.invoke(Unknown Source)
	at sun.reflect.DelegatingMethodAccessorImpl.invoke(Unknown Source)
	at java.lang.reflect.Method.invoke(Unknown Source)
	at org.testng.internal.MethodInvocationHelper.invokeMethod(MethodInvocationHelper.java:104)
	at org.testng.internal.Invoker.invokeMethod(Invoker.java:645)
	at org.testng.internal.Invoker.invokeTestMethod(Invoker.java:851)
	at org.testng.internal.Invoker.invokeTestMethods(Invoker.java:1177)
	at org.testng.internal.TestMethodWorker.invokeTestMethods(TestMethodWorker.java:129)
	at org.testng.internal.TestMethodWorker.run(TestMethodWorker.java:112)
	at org.testng.TestRunner.privateRun(TestRunner.java:756)
	at org.testng.TestRunner.run(TestRunner.java:610)
	at org.testng.SuiteRunner.runTest(SuiteRunner.java:387)
	at org.testng.SuiteRunner.runSequentially(SuiteRunner.java:382)
	at org.testng.SuiteRunner.privateRun(SuiteRunner.java:340)
	at org.testng.SuiteRunner.run(SuiteRunner.java:289)
	at org.testng.SuiteRunnerWorker.runSuite(SuiteRunnerWorker.java:52)
	at org.testng.SuiteRunnerWorker.run(SuiteRunnerWorker.java:86)
	at org.testng.TestNG.runSuitesSequentially(TestNG.java:1293)
	at org.testng.TestNG.runSuitesLocally(TestNG.java:1218)
	at org.testng.TestNG.runSuites(TestNG.java:1133)
	at org.testng.TestNG.run(TestNG.java:1104)
	at org.testng.remote.AbstractRemoteTestNG.run(AbstractRemoteTestNG.java:114)
	at org.testng.remote.RemoteTestNG.initAndRun(RemoteTestNG.java:251)
	at org.testng.remote.RemoteTestNG.main(RemoteTestNG.java:77)
</pre></div></td>
<td>1</td>
<td>calculatorTests.ShortTerm@4cc0edeb</td></tr>
<tr>
<td title='calculatorTests.ShortTerm.runTestCase()'><b>runTestCase</b><br>Test class: calculatorTests.ShortTerm<br>Parameters: datareader.ParkingData@a02b735</td>
<td><div><pre>java.lang.AssertionError: expected [ERROR! Invalid Date] but found [$ 201,900.00]
	at calculatorTests.ShortTerm.runTestCase(ShortTerm.java:57)
... Removed 30 stack frames</pre></div><a href='#' onClick='toggleBox("stack-trace676543130", this, "Click to show all stack frames", "Click to hide stack frames")'>Click to show all stack frames</a>
<div class='stack-trace' id='stack-trace676543130'><pre>java.lang.AssertionError: expected [ERROR! Invalid Date] but found [$ 201,900.00]
	at org.testng.Assert.fail(Assert.java:94)
	at org.testng.Assert.failNotEquals(Assert.java:513)
	at org.testng.Assert.assertEqualsImpl(Assert.java:135)
	at org.testng.Assert.assertEquals(Assert.java:116)
	at org.testng.Assert.assertEquals(Assert.java:190)
	at org.testng.Assert.assertEquals(Assert.java:200)
	at calculatorTests.ShortTerm.runTestCase(ShortTerm.java:57)
	at sun.reflect.GeneratedMethodAccessor7.invoke(Unknown Source)
	at sun.reflect.DelegatingMethodAccessorImpl.invoke(Unknown Source)
	at java.lang.reflect.Method.invoke(Unknown Source)
	at org.testng.internal.MethodInvocationHelper.invokeMethod(MethodInvocationHelper.java:104)
	at org.testng.internal.Invoker.invokeMethod(Invoker.java:645)
	at org.testng.internal.Invoker.invokeTestMethod(Invoker.java:851)
	at org.testng.internal.Invoker.invokeTestMethods(Invoker.java:1177)
	at org.testng.internal.TestMethodWorker.invokeTestMethods(TestMethodWorker.java:129)
	at org.testng.internal.TestMethodWorker.run(TestMethodWorker.java:112)
	at org.testng.TestRunner.privateRun(TestRunner.java:756)
	at org.testng.TestRunner.run(TestRunner.java:610)
	at org.testng.SuiteRunner.runTest(SuiteRunner.java:387)
	at org.testng.SuiteRunner.runSequentially(SuiteRunner.java:382)
	at org.testng.SuiteRunner.privateRun(SuiteRunner.java:340)
	at org.testng.SuiteRunner.run(SuiteRunner.java:289)
	at org.testng.SuiteRunnerWorker.runSuite(SuiteRunnerWorker.java:52)
	at org.testng.SuiteRunnerWorker.run(SuiteRunnerWorker.java:86)
	at org.testng.TestNG.runSuitesSequentially(TestNG.java:1293)
	at org.testng.TestNG.runSuitesLocally(TestNG.java:1218)
	at org.testng.TestNG.runSuites(TestNG.java:1133)
	at org.testng.TestNG.run(TestNG.java:1104)
	at org.testng.remote.AbstractRemoteTestNG.run(AbstractRemoteTestNG.java:114)
	at org.testng.remote.RemoteTestNG.initAndRun(RemoteTestNG.java:251)
	at org.testng.remote.RemoteTestNG.main(RemoteTestNG.java:77)
</pre></div></td>
<td>1</td>
<td>calculatorTests.ShortTerm@4cc0edeb</td></tr>
<tr>
<td title='calculatorTests.ShortTerm.runTestCase()'><b>runTestCase</b><br>Test class: calculatorTests.ShortTerm<br>Parameters: datareader.ParkingData@58331062</td>
<td><div><pre>java.lang.AssertionError: expected [Error! Invalid Date] but found [$ 90.00]
	at calculatorTests.ShortTerm.runTestCase(ShortTerm.java:57)
... Removed 30 stack frames</pre></div><a href='#' onClick='toggleBox("stack-trace869149988", this, "Click to show all stack frames", "Click to hide stack frames")'>Click to show all stack frames</a>
<div class='stack-trace' id='stack-trace869149988'><pre>java.lang.AssertionError: expected [Error! Invalid Date] but found [$ 90.00]
	at org.testng.Assert.fail(Assert.java:94)
	at org.testng.Assert.failNotEquals(Assert.java:513)
	at org.testng.Assert.assertEqualsImpl(Assert.java:135)
	at org.testng.Assert.assertEquals(Assert.java:116)
	at org.testng.Assert.assertEquals(Assert.java:190)
	at org.testng.Assert.assertEquals(Assert.java:200)
	at calculatorTests.ShortTerm.runTestCase(ShortTerm.java:57)
	at sun.reflect.GeneratedMethodAccessor7.invoke(Unknown Source)
	at sun.reflect.DelegatingMethodAccessorImpl.invoke(Unknown Source)
	at java.lang.reflect.Method.invoke(Unknown Source)
	at org.testng.internal.MethodInvocationHelper.invokeMethod(MethodInvocationHelper.java:104)
	at org.testng.internal.Invoker.invokeMethod(Invoker.java:645)
	at org.testng.internal.Invoker.invokeTestMethod(Invoker.java:851)
	at org.testng.internal.Invoker.invokeTestMethods(Invoker.java:1177)
	at org.testng.internal.TestMethodWorker.invokeTestMethods(TestMethodWorker.java:129)
	at org.testng.internal.TestMethodWorker.run(TestMethodWorker.java:112)
	at org.testng.TestRunner.privateRun(TestRunner.java:756)
	at org.testng.TestRunner.run(TestRunner.java:610)
	at org.testng.SuiteRunner.runTest(SuiteRunner.java:387)
	at org.testng.SuiteRunner.runSequentially(SuiteRunner.java:382)
	at org.testng.SuiteRunner.privateRun(SuiteRunner.java:340)
	at org.testng.SuiteRunner.run(SuiteRunner.java:289)
	at org.testng.SuiteRunnerWorker.runSuite(SuiteRunnerWorker.java:52)
	at org.testng.SuiteRunnerWorker.run(SuiteRunnerWorker.java:86)
	at org.testng.TestNG.runSuitesSequentially(TestNG.java:1293)
	at org.testng.TestNG.runSuitesLocally(TestNG.java:1218)
	at org.testng.TestNG.runSuites(TestNG.java:1133)
	at org.testng.TestNG.run(TestNG.java:1104)
	at org.testng.remote.AbstractRemoteTestNG.run(AbstractRemoteTestNG.java:114)
	at org.testng.remote.RemoteTestNG.initAndRun(RemoteTestNG.java:251)
	at org.testng.remote.RemoteTestNG.main(RemoteTestNG.java:77)
</pre></div></td>
<td>1</td>
<td>calculatorTests.ShortTerm@4cc0edeb</td></tr>
<tr>
<td title='calculatorTests.ShortTerm.runTestCase()'><b>runTestCase</b><br>Test class: calculatorTests.ShortTerm<br>Parameters: datareader.ParkingData@2a19df5a</td>
<td><div><pre>java.lang.AssertionError: expected [Error! Invalid Date] but found [$ 942.00]
	at calculatorTests.ShortTerm.runTestCase(ShortTerm.java:57)
... Removed 30 stack frames</pre></div><a href='#' onClick='toggleBox("stack-trace828697256", this, "Click to show all stack frames", "Click to hide stack frames")'>Click to show all stack frames</a>
<div class='stack-trace' id='stack-trace828697256'><pre>java.lang.AssertionError: expected [Error! Invalid Date] but found [$ 942.00]
	at org.testng.Assert.fail(Assert.java:94)
	at org.testng.Assert.failNotEquals(Assert.java:513)
	at org.testng.Assert.assertEqualsImpl(Assert.java:135)
	at org.testng.Assert.assertEquals(Assert.java:116)
	at org.testng.Assert.assertEquals(Assert.java:190)
	at org.testng.Assert.assertEquals(Assert.java:200)
	at calculatorTests.ShortTerm.runTestCase(ShortTerm.java:57)
	at sun.reflect.GeneratedMethodAccessor7.invoke(Unknown Source)
	at sun.reflect.DelegatingMethodAccessorImpl.invoke(Unknown Source)
	at java.lang.reflect.Method.invoke(Unknown Source)
	at org.testng.internal.MethodInvocationHelper.invokeMethod(MethodInvocationHelper.java:104)
	at org.testng.internal.Invoker.invokeMethod(Invoker.java:645)
	at org.testng.internal.Invoker.invokeTestMethod(Invoker.java:851)
	at org.testng.internal.Invoker.invokeTestMethods(Invoker.java:1177)
	at org.testng.internal.TestMethodWorker.invokeTestMethods(TestMethodWorker.java:129)
	at org.testng.internal.TestMethodWorker.run(TestMethodWorker.java:112)
	at org.testng.TestRunner.privateRun(TestRunner.java:756)
	at org.testng.TestRunner.run(TestRunner.java:610)
	at org.testng.SuiteRunner.runTest(SuiteRunner.java:387)
	at org.testng.SuiteRunner.runSequentially(SuiteRunner.java:382)
	at org.testng.SuiteRunner.privateRun(SuiteRunner.java:340)
	at org.testng.SuiteRunner.run(SuiteRunner.java:289)
	at org.testng.SuiteRunnerWorker.runSuite(SuiteRunnerWorker.java:52)
	at org.testng.SuiteRunnerWorker.run(SuiteRunnerWorker.java:86)
	at org.testng.TestNG.runSuitesSequentially(TestNG.java:1293)
	at org.testng.TestNG.runSuitesLocally(TestNG.java:1218)
	at org.testng.TestNG.runSuites(TestNG.java:1133)
	at org.testng.TestNG.run(TestNG.java:1104)
	at org.testng.remote.AbstractRemoteTestNG.run(AbstractRemoteTestNG.java:114)
	at org.testng.remote.RemoteTestNG.initAndRun(RemoteTestNG.java:251)
	at org.testng.remote.RemoteTestNG.main(RemoteTestNG.java:77)
</pre></div></td>
<td>1</td>
<td>calculatorTests.ShortTerm@4cc0edeb</td></tr>
<tr>
<td title='calculatorTests.ShortTerm.runTestCase()'><b>runTestCase</b><br>Test class: calculatorTests.ShortTerm<br>Parameters: datareader.ParkingData@7d7337d0</td>
<td><div><pre>java.lang.AssertionError: expected [Error! Invalid Time] but found [$ 42.00]
	at calculatorTests.ShortTerm.runTestCase(ShortTerm.java:57)
... Removed 30 stack frames</pre></div><a href='#' onClick='toggleBox("stack-trace391531291", this, "Click to show all stack frames", "Click to hide stack frames")'>Click to show all stack frames</a>
<div class='stack-trace' id='stack-trace391531291'><pre>java.lang.AssertionError: expected [Error! Invalid Time] but found [$ 42.00]
	at org.testng.Assert.fail(Assert.java:94)
	at org.testng.Assert.failNotEquals(Assert.java:513)
	at org.testng.Assert.assertEqualsImpl(Assert.java:135)
	at org.testng.Assert.assertEquals(Assert.java:116)
	at org.testng.Assert.assertEquals(Assert.java:190)
	at org.testng.Assert.assertEquals(Assert.java:200)
	at calculatorTests.ShortTerm.runTestCase(ShortTerm.java:57)
	at sun.reflect.GeneratedMethodAccessor7.invoke(Unknown Source)
	at sun.reflect.DelegatingMethodAccessorImpl.invoke(Unknown Source)
	at java.lang.reflect.Method.invoke(Unknown Source)
	at org.testng.internal.MethodInvocationHelper.invokeMethod(MethodInvocationHelper.java:104)
	at org.testng.internal.Invoker.invokeMethod(Invoker.java:645)
	at org.testng.internal.Invoker.invokeTestMethod(Invoker.java:851)
	at org.testng.internal.Invoker.invokeTestMethods(Invoker.java:1177)
	at org.testng.internal.TestMethodWorker.invokeTestMethods(TestMethodWorker.java:129)
	at org.testng.internal.TestMethodWorker.run(TestMethodWorker.java:112)
	at org.testng.TestRunner.privateRun(TestRunner.java:756)
	at org.testng.TestRunner.run(TestRunner.java:610)
	at org.testng.SuiteRunner.runTest(SuiteRunner.java:387)
	at org.testng.SuiteRunner.runSequentially(SuiteRunner.java:382)
	at org.testng.SuiteRunner.privateRun(SuiteRunner.java:340)
	at org.testng.SuiteRunner.run(SuiteRunner.java:289)
	at org.testng.SuiteRunnerWorker.runSuite(SuiteRunnerWorker.java:52)
	at org.testng.SuiteRunnerWorker.run(SuiteRunnerWorker.java:86)
	at org.testng.TestNG.runSuitesSequentially(TestNG.java:1293)
	at org.testng.TestNG.runSuitesLocally(TestNG.java:1218)
	at org.testng.TestNG.runSuites(TestNG.java:1133)
	at org.testng.TestNG.run(TestNG.java:1104)
	at org.testng.remote.AbstractRemoteTestNG.run(AbstractRemoteTestNG.java:114)
	at org.testng.remote.RemoteTestNG.initAndRun(RemoteTestNG.java:251)
	at org.testng.remote.RemoteTestNG.main(RemoteTestNG.java:77)
</pre></div></td>
<td>1</td>
<td>calculatorTests.ShortTerm@4cc0edeb</td></tr>
</table><p>
<table width='100%' border='1' class='invocation-passed'>
<tr><td colspan='4' align='center'><b>PASSED TESTS</b></td></tr>
<tr><td><b>Test method</b></td>
<td width="30%"><b>Exception</b></td>
<td width="10%"><b>Time (seconds)</b></td>
<td><b>Instance</b></td>
</tr>
<tr>
<td title='calculatorTests.ShortTerm.runTestCase()'><b>runTestCase</b><br>Test class: calculatorTests.ShortTerm<br>Parameters: datareader.ParkingData@614df0a4</td>
<td></td>
<td>1</td>
<td>calculatorTests.ShortTerm@4cc0edeb</td></tr>
<tr>
<td title='calculatorTests.ShortTerm.runTestCase()'><b>runTestCase</b><br>Test class: calculatorTests.ShortTerm<br>Parameters: datareader.ParkingData@77128dab</td>
<td></td>
<td>1</td>
<td>calculatorTests.ShortTerm@4cc0edeb</td></tr>
<tr>
<td title='calculatorTests.ShortTerm.runTestCase()'><b>runTestCase</b><br>Test class: calculatorTests.ShortTerm<br>Parameters: datareader.ParkingData@4f66ffc8</td>
<td></td>
<td>1</td>
<td>calculatorTests.ShortTerm@4cc0edeb</td></tr>
<tr>
<td title='calculatorTests.ShortTerm.runTestCase()'><b>runTestCase</b><br>Test class: calculatorTests.ShortTerm<br>Parameters: datareader.ParkingData@5e5beb8a</td>
<td></td>
<td>1</td>
<td>calculatorTests.ShortTerm@4cc0edeb</td></tr>
<tr>
<td title='calculatorTests.ShortTerm.runTestCase()'><b>runTestCase</b><br>Test class: calculatorTests.ShortTerm<br>Parameters: datareader.ParkingData@60591e1b</td>
<td></td>
<td>1</td>
<td>calculatorTests.ShortTerm@4cc0edeb</td></tr>
<tr>
<td title='calculatorTests.ShortTerm.runTestCase()'><b>runTestCase</b><br>Test class: calculatorTests.ShortTerm<br>Parameters: datareader.ParkingData@4403bff8</td>
<td></td>
<td>1</td>
<td>calculatorTests.ShortTerm@4cc0edeb</td></tr>
<tr>
<td title='calculatorTests.ShortTerm.runTestCase()'><b>runTestCase</b><br>Test class: calculatorTests.ShortTerm<br>Parameters: datareader.ParkingData@48da5106</td>
<td></td>
<td>1</td>
<td>calculatorTests.ShortTerm@4cc0edeb</td></tr>
<tr>
<td title='calculatorTests.ShortTerm.runTestCase()'><b>runTestCase</b><br>Test class: calculatorTests.ShortTerm<br>Parameters: datareader.ParkingData@5c648e38</td>
<td></td>
<td>1</td>
<td>calculatorTests.ShortTerm@4cc0edeb</td></tr>
<tr>
<td title='calculatorTests.ShortTerm.runTestCase()'><b>runTestCase</b><br>Test class: calculatorTests.ShortTerm<br>Parameters: datareader.ParkingData@40def23</td>
<td></td>
<td>1</td>
<td>calculatorTests.ShortTerm@4cc0edeb</td></tr>
<tr>
<td title='calculatorTests.ShortTerm.runTestCase()'><b>runTestCase</b><br>Test class: calculatorTests.ShortTerm<br>Parameters: datareader.ParkingData@24287e5e</td>
<td></td>
<td>1</td>
<td>calculatorTests.ShortTerm@4cc0edeb</td></tr>
<tr>
<td title='calculatorTests.ShortTerm.runTestCase()'><b>runTestCase</b><br>Test class: calculatorTests.ShortTerm<br>Parameters: datareader.ParkingData@7fece723</td>
<td></td>
<td>1</td>
<td>calculatorTests.ShortTerm@4cc0edeb</td></tr>
<tr>
<td title='calculatorTests.ShortTerm.runTestCase()'><b>runTestCase</b><br>Test class: calculatorTests.ShortTerm<br>Parameters: datareader.ParkingData@7da48c4c</td>
<td></td>
<td>1</td>
<td>calculatorTests.ShortTerm@4cc0edeb</td></tr>
<tr>
<td title='calculatorTests.ShortTerm.runTestCase()'><b>runTestCase</b><br>Test class: calculatorTests.ShortTerm<br>Parameters: datareader.ParkingData@581c7611</td>
<td></td>
<td>1</td>
<td>calculatorTests.ShortTerm@4cc0edeb</td></tr>
<tr>
<td title='calculatorTests.ShortTerm.runTestCase()'><b>runTestCase</b><br>Test class: calculatorTests.ShortTerm<br>Parameters: datareader.ParkingData@685d92cf</td>
<td></td>
<td>1</td>
<td>calculatorTests.ShortTerm@4cc0edeb</td></tr>
<tr>
<td title='calculatorTests.ShortTerm.runTestCase()'><b>runTestCase</b><br>Test class: calculatorTests.ShortTerm<br>Parameters: datareader.ParkingData@5d5181f2</td>
<td></td>
<td>1</td>
<td>calculatorTests.ShortTerm@4cc0edeb</td></tr>
<tr>
<td title='calculatorTests.ShortTerm.runTestCase()'><b>runTestCase</b><br>Test class: calculatorTests.ShortTerm<br>Parameters: datareader.ParkingData@27a4a890</td>
<td></td>
<td>1</td>
<td>calculatorTests.ShortTerm@4cc0edeb</td></tr>
</table><p>
</body>
</html>